[2026-04-18T18:37:57.583Z] info: kubernetes.yaml was copied to the config folder
[2026-04-18T20:20:43.519Z] info: proxmox.yaml was copied to the config folder
[2026-04-18T20:20:43.538Z] info: custom.css was copied to the config folder
[2026-04-18T20:20:43.540Z] info: custom.js was copied to the config folder
[2026-04-18T20:20:43.606Z] error: <service-helpers> Error getting services from Docker server 'my-docker': TypeError [ERR_INVALID_URL]: Invalid URL
[2026-04-18T20:21:02.858Z] error: <service-helpers> Error getting services from Docker server 'my-docker': TypeError [ERR_INVALID_URL]: Invalid URL
[2026-04-18T20:21:55.178Z] error: <service-helpers> Error getting services from Docker server 'my-docker': TypeError [ERR_INVALID_URL]: Invalid URL
[2026-04-18T20:22:27.572Z] error: <service-helpers> Error getting services from Docker server 'my-docker': TypeError [ERR_INVALID_URL]: Invalid URL
[2026-04-18T20:23:02.810Z] error: <service-helpers> Error getting services from Docker server 'my-docker': TypeError [ERR_INVALID_URL]: Invalid URL
[2026-04-19T14:55:00.476Z] error: <service-helpers> Error getting services from Docker server 'my-docker': TypeError [ERR_INVALID_URL]: Invalid URL
[2026-04-19T14:55:16.698Z] error: <service-helpers> Error getting services from Docker server 'my-docker': TypeError [ERR_INVALID_URL]: Invalid URL
[2026-04-19T14:55:22.069Z] error: <service-helpers> Error getting services from Docker server 'my-docker': TypeError [ERR_INVALID_URL]: Invalid URL
[2026-04-19T14:55:32.714Z] error: <service-helpers> Error getting services from Docker server 'my-docker': TypeError [ERR_INVALID_URL]: Invalid URL
[2026-04-19T14:55:44.952Z] error: <service-helpers> Error getting services from Docker server 'my-docker': TypeError [ERR_INVALID_URL]: Invalid URL
[2026-04-19T14:55:52.158Z] error: <service-helpers> Error getting services from Docker server 'my-docker': TypeError [ERR_INVALID_URL]: Invalid URL
[2026-04-19T14:55:58.826Z] error: <service-helpers> Error getting services from Docker server 'my-docker': TypeError [ERR_INVALID_URL]: Invalid URL
[2026-04-19T14:57:04.111Z] error: <service-helpers> Error getting services from Docker server 'my-docker': TypeError [ERR_INVALID_URL]: Invalid URL
[2026-04-19T14:57:14.059Z] error: <service-helpers> Error getting services from Docker server 'my-docker': TypeError [ERR_INVALID_URL]: Invalid URL
[2026-04-19T14:58:25.402Z] error: <service-helpers> Error getting services from Docker server 'my-docker': TypeError [ERR_INVALID_URL]: Invalid URL
[2026-04-19T14:58:52.590Z] error: <service-helpers> Error getting services from Docker server 'my-docker': TypeError [ERR_INVALID_URL]: Invalid URL
